Build started 11.11.2015 11:07:54.
     1>Project "C:\Users\jussi-pekkajar\Desktop\helloGL\helloGL\helloGL.vcxproj" on node 2 (Build target(s)).
     1>NdkBuild:
         C:\NVPACK\android-ndk-r10e\ndk-build.cmd NDK_DEBUG=1 --jobs=4  NDK_APP_OUT=../../../../Users/jussi-pekkajar/Desktop/helloGL/helloGL/Tegra-Android/Debug/ NDK_APP_PROJECT_PATH=../../../../Users/jussi-pekkajar/Desktop/helloGL/helloGL/Tegra-Android/Debug/ NDK_APP_LIBS_OUT=../../../../Users/jussi-pekkajar/Desktop/helloGL/helloGL/Tegra-Android/Debug//libs 
     1>C:\Program Files (x86)\MSBuild\Microsoft.Cpp\v4.0\V120\Platforms\Tegra-Android\Nvidia.Utility.targets(57,5): warning : APP_PLATFORM android-19 is larger than android:minSdkVersion 5 in ./AndroidManifest.xml    
         [arm64-v8a] Gdbserver      : [aarch64-linux-android-4.9] ../../../../Users/jussi-pekkajar/Desktop/helloGL/helloGL/Tegra-Android/Debug//libs/arm64-v8a/gdbserver
         [arm64-v8a] Gdbsetup       : ../../../../Users/jussi-pekkajar/Desktop/helloGL/helloGL/Tegra-Android/Debug//libs/arm64-v8a/gdb.setup
         [x86_64] Gdbserver      : [x86_64-4.9] ../../../../Users/jussi-pekkajar/Desktop/helloGL/helloGL/Tegra-Android/Debug//libs/x86_64/gdbserver
         [x86_64] Gdbsetup       : ../../../../Users/jussi-pekkajar/Desktop/helloGL/helloGL/Tegra-Android/Debug//libs/x86_64/gdb.setup
         [mips64] Gdbserver      : [mips64el-linux-android-4.9] ../../../../Users/jussi-pekkajar/Desktop/helloGL/helloGL/Tegra-Android/Debug//libs/mips64/gdbserver
         [mips64] Gdbsetup       : ../../../../Users/jussi-pekkajar/Desktop/helloGL/helloGL/Tegra-Android/Debug//libs/mips64/gdb.setup
         [armeabi-v7a] Gdbserver      : [arm-linux-androideabi-4.9] ../../../../Users/jussi-pekkajar/Desktop/helloGL/helloGL/Tegra-Android/Debug//libs/armeabi-v7a/gdbserver
         [armeabi-v7a] Gdbsetup       : ../../../../Users/jussi-pekkajar/Desktop/helloGL/helloGL/Tegra-Android/Debug//libs/armeabi-v7a/gdb.setup
         [armeabi] Gdbserver      : [arm-linux-androideabi-4.9] ../../../../Users/jussi-pekkajar/Desktop/helloGL/helloGL/Tegra-Android/Debug//libs/armeabi/gdbserver
         [x86] Gdbserver      : [x86-4.9] ../../../../Users/jussi-pekkajar/Desktop/helloGL/helloGL/Tegra-Android/Debug//libs/x86/gdbserver
         [x86] Gdbsetup       : ../../../../Users/jussi-pekkajar/Desktop/helloGL/helloGL/Tegra-Android/Debug//libs/x86/gdb.setup
         [armeabi] Gdbsetup       : ../../../../Users/jussi-pekkajar/Desktop/helloGL/helloGL/Tegra-Android/Debug//libs/armeabi/gdb.setup
         [mips] Gdbserver      : [mipsel-linux-android-4.9] ../../../../Users/jussi-pekkajar/Desktop/helloGL/helloGL/Tegra-Android/Debug//libs/mips/gdbserver
         [mips] Gdbsetup       : ../../../../Users/jussi-pekkajar/Desktop/helloGL/helloGL/Tegra-Android/Debug//libs/mips/gdb.setup
         [arm64-v8a] Compile++      : gl2jni <= gl_code.cpp
         [arm64-v8a] StaticLibrary  : libstdc++.a
         [x86_64] Compile++      : gl2jni <= gl_code.cpp
         [x86_64] StaticLibrary  : libstdc++.a
         [mips64] Compile++      : gl2jni <= gl_code.cpp
         [mips64] StaticLibrary  : libstdc++.a
         [armeabi-v7a] Compile++ thumb: gl2jni <= gl_code.cpp
         [armeabi-v7a] StaticLibrary  : libstdc++.a
         [x86] Compile++      : gl2jni <= gl_code.cpp
         [armeabi] StaticLibrary  : libstdc++.a
         [armeabi] Compile++ thumb: gl2jni <= gl_code.cpp
         [x86] StaticLibrary  : libstdc++.a
         [mips] Compile++      : gl2jni <= gl_code.cpp
         [mips] StaticLibrary  : libstdc++.a
         [arm64-v8a] SharedLibrary  : libgl2jni.so
         [x86_64] SharedLibrary  : libgl2jni.so
         [mips64] SharedLibrary  : libgl2jni.so
         [armeabi-v7a] SharedLibrary  : libgl2jni.so
         [armeabi] SharedLibrary  : libgl2jni.so
         [x86] SharedLibrary  : libgl2jni.so
         [mips] SharedLibrary  : libgl2jni.so
         [arm64-v8a] Install        : libgl2jni.so => ../../../../Users/jussi-pekkajar/Desktop/helloGL/helloGL/Tegra-Android/Debug//libs/arm64-v8a/libgl2jni.so
         [mips64] Install        : libgl2jni.so => ../../../../Users/jussi-pekkajar/Desktop/helloGL/helloGL/Tegra-Android/Debug//libs/mips64/libgl2jni.so
         [x86_64] Install        : libgl2jni.so => ../../../../Users/jussi-pekkajar/Desktop/helloGL/helloGL/Tegra-Android/Debug//libs/x86_64/libgl2jni.so
         [armeabi-v7a] Install        : libgl2jni.so => ../../../../Users/jussi-pekkajar/Desktop/helloGL/helloGL/Tegra-Android/Debug//libs/armeabi-v7a/libgl2jni.so
         [armeabi] Install        : libgl2jni.so => ../../../../Users/jussi-pekkajar/Desktop/helloGL/helloGL/Tegra-Android/Debug//libs/armeabi/libgl2jni.so
         [x86] Install        : libgl2jni.so => ../../../../Users/jussi-pekkajar/Desktop/helloGL/helloGL/Tegra-Android/Debug//libs/x86/libgl2jni.so
         [mips] Install        : libgl2jni.so => ../../../../Users/jussi-pekkajar/Desktop/helloGL/helloGL/Tegra-Android/Debug//libs/mips/libgl2jni.so
       StripLibrary:
         C:\NVPACK\android-ndk-r10e\toolchains\arm-linux-androideabi-4.9\prebuilt\windows-x86_64\bin\arm-linux-androideabi-strip.exe --strip-unneeded -o"C:\Users\jussi-pekkajar\Desktop\helloGL\Tegra-Android\Debug\stripped_libhelloGL" "C:\Users\jussi-pekkajar\Desktop\helloGL\Tegra-Android\Debug\libhelloGL"
       AntBuild:
         C:\NVPACK\apache-ant-1.8.2\bin\ant.bat debug -f C:\Users\jussi-pekkajar\Desktop\helloGL\helloGL\Tegra-Android\Debug\nsight_tegra_build.xml -listener org.apache.tools.ant.XmlLogger  
         Can't skip Ant step - Fast Deploy does not work for 64bit apps.
         Building using the JDK located here: 'C:\NVPACK\jdk1.7.0_71 (Native64Bit)'...
     1>C:\Program Files (x86)\MSBuild\Microsoft.Cpp\v4.0\V120\Platforms\Tegra-Android\Nvidia.AndroidBuild.targets(212,5): warning : When using a 64-bit Java runtime incremental builds may not function correctly.
         Executing "C:\NVPACK\apache-ant-1.8.2\bin\ant.bat debug -f C:\Users\jussi-pekkajar\Desktop\helloGL\helloGL\Tegra-Android\Debug\nsight_tegra_build.xml -listener org.apache.tools.ant.XmlLogger "
         Buildfile: C:\Users\jussi-pekkajar\Desktop\helloGL\helloGL\Tegra-Android\Debug\nsight_tegra_build.xml
         
         -set-mode-check:
         
         -set-debug-files:
         
         -check-env:
          [checkenv] Android SDK Tools Revision 24.4.0
          [checkenv] Installed at C:\NVPACK\android-sdk-windows
         
         -setup:
              [echo] Project Name: helloGL
           [gettype] Project Type: Application
         
         -set-debug-mode:
         
         -debug-obfuscation-check:
         
         -pre-build:
         
         -build-setup:
         [getbuildtools] Using latest Build Tools: 23.0.1
              [echo] Resolving Build Target for helloGL...
         [gettarget] Project Target:   Android 4.4.2
         [gettarget] API level:        19
              [echo] ----------
              [echo] Creating output directories if needed...
             [mkdir] Created dir: C:\Users\jussi-pekkajar\Desktop\helloGL\helloGL\Tegra-Android\Debug\bin
             [mkdir] Created dir: C:\Users\jussi-pekkajar\Desktop\helloGL\helloGL\Tegra-Android\Debug\bin\res
             [mkdir] Created dir: C:\Users\jussi-pekkajar\Desktop\helloGL\helloGL\Tegra-Android\Debug\bin\rsObj
             [mkdir] Created dir: C:\Users\jussi-pekkajar\Desktop\helloGL\helloGL\Tegra-Android\Debug\bin\rsLibs
             [mkdir] Created dir: C:\Users\jussi-pekkajar\Desktop\helloGL\helloGL\Tegra-Android\Debug\gen
             [mkdir] Created dir: C:\Users\jussi-pekkajar\Desktop\helloGL\helloGL\Tegra-Android\Debug\bin\classes
             [mkdir] Created dir: C:\Users\jussi-pekkajar\Desktop\helloGL\helloGL\Tegra-Android\Debug\bin\dexedLibs
              [echo] ----------
              [echo] Resolving Dependencies for helloGL...
         [dependency] Library dependencies:
         [dependency] No Libraries
         [dependency] 
         [dependency] ------------------
              [echo] ----------
              [echo] Building Libraries with 'debug'...
            [subant] No sub-builds to iterate on
         
         -code-gen:
         [mergemanifest] Merging AndroidManifest files into one.
         [mergemanifest] Manifest merger disabled. Using project manifest only.
              [echo] Handling aidl files...
              [aidl] No AIDL files to compile.
              [echo] ----------
              [echo] Handling RenderScript files...
              [echo] ----------
              [echo] Handling Resources...
              [aapt] Generating resource IDs...
              [echo] ----------
              [echo] Handling BuildConfig class...
         [buildconfig] Generating BuildConfig class.
         
         -pre-compile:
         
         -compile:
             [javac] Compiling 5 source files to C:\Users\jussi-pekkajar\Desktop\helloGL\helloGL\Tegra-Android\Debug\bin\classes
         
         -post-compile:
         
         -obfuscate:
         
         -dex:
               [dex] input: C:\Users\jussi-pekkajar\Desktop\helloGL\helloGL\Tegra-Android\Debug\bin\classes
               [dex] Converting compiled files and external libraries into C:\Users\jussi-pekkajar\Desktop\helloGL\helloGL\Tegra-Android\Debug\bin\classes.dex...
                [dx] Picked up _JAVA_OPTIONS:  -Xms256m -Xmx1024m
         
         -crunch:
            [crunch] Crunching PNG Files in source dir: C:\NVPACK\android-ndk-r10c\samples\hello-gl2\res
            [crunch] To destination dir: C:\Users\jussi-pekkajar\Desktop\helloGL\helloGL\Tegra-Android\Debug\bin\res
            [crunch] Crunched 0 PNG files to update cache
         
         -package-resources:
              [aapt] Creating full resource package...
              [aapt] Warning: AndroidManifest.xml already defines debuggable (in http://schemas.android.com/apk/res/android); using existing value in manifest.
         
         -package:
         [apkbuilder] Current build type is different than previous build: forced apkbuilder run.
         [apkbuilder] Creating helloGL-debug-unaligned.apk and signing it with a debug key...
         [apkbuilder] Picked up _JAVA_OPTIONS:  -Xms256m -Xmx1024m
         
         -post-package:
         
         -do-debug:
          [zipalign] Running zip align on final apk...
              [echo] Debug Package: C:\Users\jussi-pekkajar\Desktop\helloGL\helloGL\Tegra-Android\Debug\bin\helloGL-debug.apk
         [propertyfile] Creating new property file: C:\Users\jussi-pekkajar\Desktop\helloGL\helloGL\Tegra-Android\Debug\bin\build.prop
         [propertyfile] Updating property file: C:\Users\jussi-pekkajar\Desktop\helloGL\helloGL\Tegra-Android\Debug\bin\build.prop
         [propertyfile] Updating property file: C:\Users\jussi-pekkajar\Desktop\helloGL\helloGL\Tegra-Android\Debug\bin\build.prop
         [propertyfile] Updating property file: C:\Users\jussi-pekkajar\Desktop\helloGL\helloGL\Tegra-Android\Debug\bin\build.prop
         
         -post-build:
         
         debug:
         
         BUILD SUCCESSFUL
         Total time: 8 seconds
         Picked up _JAVA_OPTIONS:  -Xms256m -Xmx1024m
     1>Done Building Project "C:\Users\jussi-pekkajar\Desktop\helloGL\helloGL\helloGL.vcxproj" (Build target(s)).

Build succeeded.

Time Elapsed 00:00:18.07
